<?xml version="1.0" encoding="UTF-8"?>
<testsuite name="PasswordCheckerTest" tests="1" skipped="0" failures="0" errors="0" timestamp="2019-12-06T12:31:26" hostname="recruit-ThinkCentre-M73" time="0.015">
  <properties/>
  <testcase name="isPasswordValid()" classname="PasswordCheckerTest" time="0.015"/>
  <system-out><![CDATA[]]></system-out>
  <system-err><![CDATA[]]></system-err>
</testsuite>
